(node:5141) Warning: Accessing non-existent property 'padLevels' of module exports inside circular dependency
(Use `node --trace-warnings ...` to show where the warning was created)
База данных подключена.
База данных синхронизирована.
Список админов загружен
Список фракций загружен
Список городов загружен
Список построек загружен
Чиновники загружены
Переменные загружены
Бот запущен
ReferenceError: Ban is not defined
    at VK_API.EveryDayLoop (/home/zeus/BOT/ZEUSbot/middleware/API.js:58:21)
    at process.processTicksAndRejections (node:internal/process/task_queues:95:5)
    at async VK_API.StartMainLoop (/home/zeus/BOT/ZEUSbot/middleware/API.js:30:9)
    at async Timeout._onTimeout (/home/zeus/BOT/ZEUSbot/middleware/API.js:24:33)
APIError: Code №911 - Keyboard format is invalid: template['elements'][0] description should be not more than 80 letters length
    at SequentialWorker.execute (/home/zeus/BOT/ZEUSbot/node_modules/vk-io/lib/index.js:1664:39)
    at process.processTicksAndRejections (node:internal/process/task_queues:95:5) {
  code: 911,
  params: [
    { key: 'method', value: 'messages.send' },
    { key: 'oauth', value: '1' },
    { key: 'v', value: '5.131' },
    { key: 'random_id', value: '60873323683824' },
    {
      key: 'template',
      value: '{\n' +
        '                            "type": "carousel",\n' +
        '                            "elements": [\n' +
        '                                {"title":"🔱Римская республика🔱","description":"Во все времена Вечный город, основанный отцом нашим Ромулом, будет стоять, не смотря ни на какие-либо угрозы, бедствия и катастрофы!!! Roma Invicta!","photo_id":"-218388422_457241994_1fd9c65bbf96a880fd","action":{"type":"open_link","link":"https://vk.com/public218609005"},"buttons":[{"action":{"type":"open_link","link":"https://vk.com/public218609005","label":"Перейти в сообщество"}}]},{"title":"🍻 Северный Союз ⚔️","description":"Если тут нет описания  - виноват правитель","photo_id":"-218388422_457241995_371936978a52bdc0a4","action":{"type":"open_link","link":"https://vk.com/public219828908"},"buttons":[{"action":{"type":"open_link","link":"https://vk.com/public219828908","label":"Перейти в сообщество"}}]},{"title":"🦅 Понтийское Царство","description":"Великое царство на берегах чёрного моря, последний оплот чести и справедливости среди эллинийских держав и колоний, верный друг и союзник востока.","photo_id":"-218388422_457241997_4b01eec1ba4fcedb80","action":{"type":"open_link","link":"https://vk.com/public218590536"},"buttons":[{"action":{"type":"open_link","link":"https://vk.com/public218590536","label":"Перейти в сообщество"}}]},{"title":"🇬🇷 Эллада","description":"Если тут нет описания: виноват правитель","photo_id":"-218388422_457241998_d0e2e4f2de284bab54","action":{"type":"open_link","link":"https://vk.com/public203476021"},"buttons":[{"action":{"type":"open_link","link":"https://vk.com/public203476021","label":"Перейти в сообщество"}}]},{"title":"☀ Парфия","description":"Парфия, сатрапия государства Селевкидов, сумела отложиться, когда все силы ее метрополии были брошены на войну с птолемеевским Египтом. Аршак, предводитель парнов, объединил соседние племена и создал основу будущей великой державы. На ее формирование оказали огромное влияние волны захватчиков и переселенцев. Парфия переплавляет персидские, эллинистические и местные племенные традиции в одно целое - в парфянскую культуру. Так, парфяне почитают и греческих, и иранских богов, а многие придерживаются зороастризма.\\n\\nСложился класс аристократов-землевладельцев, а торговые пути, ведущие на восток, принесли Парфии несметные богатства.\\n\\nПарфия славится лошадьми и всадниками. Ее лучников почитают во всем Древнем мире: парфянских стрел, которые парфяне обрушивают на головы врагов при ложном отступлении, страшится каждый. Тяжелая конница в характерных чешуйчатых доспехах вселяет ужас в сердца врагов. Фаланги, созданные по греческому образцу, и воины из племен, обитающих среди холмов, создают костяк парфянской пехоты.","photo_id":"-218388422_457241999_9fc80367785cf0a30f","action":{"type":"open_link","link":"https://vk.com/public218590678"},"buttons":[{"action":{"type":"open_link","link":"https://vk.com/public218590678","label":"Перейти в сообщество"}}]},{"title":"🔆 Египет","description":"*свист песка в ушах*\\nПутник, ты попал в колыбель народов и кузницу чудес света — Египет. Народ здесь трудится во благо солнцеликого бога Сераписа, чей сын правит с трона Александрии. Совет мудрых сыновей и дочерей Осириса помогает ему в этом нелегком деле. Благодатное место для торговли, коли пришел ты с чистыми помыслами.\\n\\nНо берегись, преступное полчище козлоголового Сета. За порядком в царстве следят верные слуги царя, зорко бдящие за теми из граждан, кто ведет себя неподобающе законам Египта. Нарушение влечет за собой неотвратимую и, что важнее — соразмерную ответственность. \\n\\nСильные армия и флот Египта несут денно и нощно вахту на границах. Охраняют покой детей фараона, ибо каждый гражданин есть сутью сын во божественной вере правителя. Род Барсиков ведет свое начало со времен, когда на просторах пустыни цвели сады, а боги пребывали в своем истинном обличье меж людьми. И негоже потомку столь славного рода преступать законы человечности в погоне за наживой, коим грешат правители некоторых государств отличных.\\n\\nБанки Египта способны обеспечить работой и средствами к существованию всякого страждущего, а мудрые градоправители — местами строительства и ведения дел купеческих.","photo_id":"-218388422_457242000_8cf46600b69c8f3452","action":{"type":"open_link","link":"https://vk.com/public219091924"},"buttons":[{"action":{"type":"open_link","link":"https://vk.com/public219091924","label":"Перейти в сообщество"}}]},{"title":"🇩🇪 Sächsisches Königreich ⚔️","description":"Саксонское королевство – мощная и древняя фракция, которая славится своими воинскими традициями и обширными территориями, занимаемыми на северо-западе Европы. Саксонские воины уже давно освоили и приспособились к промышленным и сельскохозяйственным технологиям, что позволило им сформировать мощное государство и подняться на вершину мировой политики. Они отличаются великолепной военной организацией и четкими, неуклонными действиями, которые позволяют им занимать превосходящие позиции в битве. Крепкие крепости, мощные дружины и прекрасно оснащенные земельные угодья – все это делает Саксонское королевство одной из самых благополучных и защищенных фракций эпохи, вызывающей трепет и уважение у любого противника!","photo_id":"-218388422_457242001_facb555a073b3c2b32","action":{"type":"open_link","link":"https://vk.com/public217172960"},"buttons":[{"action":{"type":"open_link","link":"https://vk.com/public217172960","label":"Перейти в сообщество"}}]},{"title":"🐘 Империя Селевкидов","description":"Империя Селевкидов","photo_id":"-218388422_457242127_7f7a8484f0db8ee461","action":{"type":"open_link","link":"https://vk.com/public221684370"},"buttons":[{"action":{"type":"open_link","link":"https://vk.com/public221684370","label":"Перейти в сообщество"}}]}\n' +
        '                            ]\n' +
        '                        }'
    },
    { key: 'peer_ids', value: '27164757' }
  ],
  [cause]: undefined
}
APIError: Code №901 - Can't send messages for users without permission
    at SequentialWorker.execute (/home/zeus/BOT/ZEUSbot/node_modules/vk-io/lib/index.js:1664:39)
    at process.processTicksAndRejections (node:internal/process/task_queues:95:5) {
  code: 901,
  params: [
    { key: 'method', value: 'messages.send' },
    { key: 'oauth', value: '1' },
    { key: 'v', value: '5.131' },
    { key: 'user_id', value: '660343543' },
    { key: 'random_id', value: '30773' }
  ],
  [cause]: undefined
}
APIError: Code №901 - Can't send messages for users without permission
    at SequentialWorker.execute (/home/zeus/BOT/ZEUSbot/node_modules/vk-io/lib/index.js:1664:39)
    at process.processTicksAndRejections (node:internal/process/task_queues:95:5) {
  code: 901,
  params: [
    { key: 'method', value: 'messages.send' },
    { key: 'oauth', value: '1' },
    { key: 'v', value: '5.131' },
    { key: 'user_id', value: '537643221' },
    { key: 'random_id', value: '20135' }
  ],
  [cause]: undefined
}
