0 verbose cli /usr/bin/node /usr/bin/npm
1 info using npm@9.6.3
2 info using node@v19.8.1
3 timing npm:load:whichnode Completed in 2ms
4 timing config:load:defaults Completed in 1ms
5 timing config:load:file:/usr/lib/node_modules/npm/npmrc Completed in 0ms
6 timing config:load:builtin Completed in 2ms
7 timing config:load:cli Completed in 1ms
8 timing config:load:env Completed in 1ms
9 timing config:load:file:/home/zeus/BOT/ZEUSbot/.npmrc Completed in 0ms
10 timing config:load:project Completed in 1ms
11 timing config:load:file:/home/zeus/.npmrc Completed in 0ms
12 timing config:load:user Completed in 0ms
13 timing config:load:file:/usr/etc/npmrc Completed in 0ms
14 timing config:load:global Completed in 0ms
15 timing config:load:setEnvs Completed in 0ms
16 timing config:load Completed in 7ms
17 timing npm:load:configload Completed in 7ms
18 timing npm:load:mkdirpcache Completed in 1ms
19 timing npm:load:mkdirplogs Completed in 0ms
20 verbose title npm install
21 verbose argv "install"
22 timing npm:load:setTitle Completed in 1ms
23 timing config:load:flatten Completed in 2ms
24 timing npm:load:display Completed in 3ms
25 verbose logfile logs-max:10 dir:/home/zeus/.npm/_logs/2023-04-03T23_29_10_303Z-
26 verbose logfile /home/zeus/.npm/_logs/2023-04-03T23_29_10_303Z-debug-0.log
27 timing npm:load:logFile Completed in 9ms
28 timing npm:load:timers Completed in 0ms
29 timing npm:load:configScope Completed in 0ms
30 timing npm:load Completed in 23ms
31 timing arborist:ctor Completed in 0ms
32 silly logfile done cleaning log files
33 timing idealTree:init Completed in 73ms
34 timing idealTree:userRequests Completed in 1ms
35 silly idealTree buildDeps
36 timing idealTree:#root Completed in 0ms
37 timing idealTree:buildDeps Completed in 1ms
38 timing idealTree:fixDepFlags Completed in 0ms
39 timing idealTree Completed in 78ms
40 timing reify:loadTrees Completed in 85ms
41 timing reify:diffTrees Completed in 2ms
42 silly reify moves {}
43 timing reify:retireShallow Completed in 1ms
44 timing reify:createSparse Completed in 5ms
45 timing reify:loadBundles Completed in 0ms
46 silly audit bulk request {
46 silly audit   '@types/debug': [ '4.1.7' ],
46 silly audit   '@types/ms': [ '0.7.31' ],
46 silly audit   '@types/node': [ '18.13.0' ],
46 silly audit   '@types/validator': [ '13.7.12' ],
46 silly audit   'abort-controller': [ '3.0.0' ],
46 silly audit   'buffer-writer': [ '2.0.0' ],
46 silly audit   'data-uri-to-buffer': [ '4.0.1' ],
46 silly audit   debug: [ '4.3.4' ],
46 silly audit   dotenv: [ '16.0.3' ],
46 silly audit   dottie: [ '2.0.3' ],
46 silly audit   'event-target-shim': [ '5.0.1' ],
46 silly audit   'fetch-blob': [ '3.2.0' ],
46 silly audit   'web-streams-polyfill': [ '3.2.1', '4.0.0-beta.3' ],
46 silly audit   'form-data-encoder': [ '1.7.2' ],
46 silly audit   'formdata-node': [ '4.4.1' ],
46 silly audit   'formdata-polyfill': [ '4.0.10' ],
46 silly audit   inflection: [ '1.13.4' ],
46 silly audit   inspectable: [ '1.2.2' ],
46 silly audit   lodash: [ '4.17.21' ],
46 silly audit   'lru-cache': [ '6.0.0' ],
46 silly audit   'middleware-io': [ '2.8.1' ],
46 silly audit   moment: [ '2.29.4' ],
46 silly audit   'moment-timezone': [ '0.5.40' ],
46 silly audit   ms: [ '2.1.2' ],
46 silly audit   'node-domexception': [ '1.0.0' ],
46 silly audit   'node-fetch': [ '3.3.0' ],
46 silly audit   'packet-reader': [ '1.0.0' ],
46 silly audit   pg: [ '8.9.0' ],
46 silly audit   'pg-connection-string': [ '2.5.0' ],
46 silly audit   'pg-hstore': [ '2.3.4' ],
46 silly audit   'pg-int8': [ '1.0.1' ],
46 silly audit   'pg-pool': [ '3.5.2' ],
46 silly audit   'pg-protocol': [ '1.6.0' ],
46 silly audit   'pg-types': [ '2.2.0' ],
46 silly audit   pgpass: [ '1.0.5' ],
46 silly audit   'postgres-array': [ '2.0.0' ],
46 silly audit   'postgres-bytea': [ '1.0.0' ],
46 silly audit   'postgres-date': [ '1.0.7' ],
46 silly audit   'postgres-interval': [ '1.2.0' ],
46 silly audit   'retry-as-promised': [ '7.0.4' ],
46 silly audit   semver: [ '7.3.8' ],
46 silly audit   sequelize: [ '6.28.0' ],
46 silly audit   'sequelize-pool': [ '7.1.0' ],
46 silly audit   split2: [ '4.1.0' ],
46 silly audit   'toposort-class': [ '1.0.1' ],
46 silly audit   underscore: [ '1.13.6' ],
46 silly audit   uuid: [ '8.3.2' ],
46 silly audit   validator: [ '13.9.0' ],
46 silly audit   'vk-io': [ '4.8.1' ],
46 silly audit   'vk-io-question': [ '3.1.1' ],
46 silly audit   wkx: [ '0.5.0' ],
46 silly audit   xtend: [ '4.0.2' ],
46 silly audit   yallist: [ '4.0.0' ]
46 silly audit }
47 timing reifyNode:node_modules/postgres-date Completed in 639ms
48 timing reifyNode:node_modules/postgres-bytea Completed in 639ms
49 timing reifyNode:node_modules/pg-int8 Completed in 639ms
50 timing reifyNode:node_modules/ms Completed in 639ms
51 timing reifyNode:node_modules/dottie Completed in 640ms
52 timing reifyNode:node_modules/@types/ms Completed in 638ms
53 timing reifyNode:node_modules/@types/debug Completed in 639ms
54 timing reifyNode:node_modules/postgres-interval Completed in 646ms
55 timing reifyNode:node_modules/postgres-array Completed in 646ms
56 timing reifyNode:node_modules/pgpass Completed in 646ms
57 timing reifyNode:node_modules/pg-connection-string Completed in 647ms
58 timing reifyNode:node_modules/lru-cache Completed in 646ms
59 timing reifyNode:node_modules/yallist Completed in 652ms
60 timing reifyNode:node_modules/packet-reader Completed in 655ms
61 timing reifyNode:node_modules/xtend Completed in 661ms
62 timing reifyNode:node_modules/split2 Completed in 668ms
63 timing reifyNode:node_modules/data-uri-to-buffer Completed in 672ms
64 timing reifyNode:node_modules/debug Completed in 679ms
65 timing reifyNode:node_modules/buffer-writer Completed in 677ms
66 timing reifyNode:node_modules/inspectable Completed in 685ms
67 timing reifyNode:node_modules/inflection Completed in 701ms
68 timing reifyNode:node_modules/formdata-polyfill Completed in 702ms
69 timing reifyNode:node_modules/fetch-blob Completed in 702ms
70 timing reifyNode:node_modules/pg-hstore Completed in 713ms
71 timing reifyNode:node_modules/middleware-io Completed in 713ms
72 timing reifyNode:node_modules/retry-as-promised Completed in 717ms
73 timing reifyNode:node_modules/dotenv Completed in 718ms
74 timing reifyNode:node_modules/pg-types Completed in 733ms
75 timing reifyNode:node_modules/vk-io-question Completed in 737ms
76 timing reifyNode:node_modules/abort-controller Completed in 741ms
77 timing reifyNode:node_modules/toposort-class Completed in 746ms
78 timing reifyNode:node_modules/event-target-shim Completed in 779ms
79 timing reifyNode:node_modules/sequelize-pool Completed in 790ms
80 timing reifyNode:node_modules/pg Completed in 793ms
81 timing reifyNode:node_modules/pg-pool Completed in 812ms
82 timing reifyNode:node_modules/node-fetch Completed in 827ms
83 timing reifyNode:node_modules/node-domexception Completed in 868ms
84 timing reifyNode:node_modules/wkx Completed in 876ms
85 timing reifyNode:node_modules/web-streams-polyfill Completed in 880ms
86 http fetch POST 200 https://registry.npmjs.org/-/npm/v1/security/advisories/bulk 910ms
87 timing auditReport:getReport Completed in 913ms
88 silly audit report {
88 silly audit report   sequelize: [
88 silly audit report     {
88 silly audit report       id: 1091130,
88 silly audit report       url: 'https://github.com/advisories/GHSA-8c25-f3mj-v6h8',
88 silly audit report       title: 'Sequelize information disclosure vulnerability',
88 silly audit report       severity: 'moderate',
88 silly audit report       vulnerable_versions: '<6.28.1',
88 silly audit report       cwe: [Array],
88 silly audit report       cvss: [Object]
88 silly audit report     },
88 silly audit report     {
88 silly audit report       id: 1091134,
88 silly audit report       url: 'https://github.com/advisories/GHSA-vqfx-gj96-3w95',
88 silly audit report       title: 'Unsafe fall-through in getWhereConditions',
88 silly audit report       severity: 'critical',
88 silly audit report       vulnerable_versions: '<6.28.1',
88 silly audit report       cwe: [Array],
88 silly audit report       cvss: [Object]
88 silly audit report     },
88 silly audit report     {
88 silly audit report       id: 1091149,
88 silly audit report       url: 'https://github.com/advisories/GHSA-f598-mfpv-gmfx',
88 silly audit report       title: 'Sequelize - Default support for “raw attributes” when using parentheses',
88 silly audit report       severity: 'critical',
88 silly audit report       vulnerable_versions: '<6.29.0',
88 silly audit report       cwe: [Array],
88 silly audit report       cvss: [Object]
88 silly audit report     }
88 silly audit report   ]
88 silly audit report }
89 timing reifyNode:node_modules/semver Completed in 915ms
90 timing reifyNode:node_modules/form-data-encoder Completed in 934ms
91 timing metavuln:cache:get:security-advisory:sequelize:yK+ji9RfsLuU2Ck1iMMNUHYpOTMVVzqTYbHrQzHmxmr3ADU2CiKfQ1fNw2CXwdIh1pOW2Fow8art8T9IbdowUA== Completed in 35ms
92 timing metavuln:cache:get:security-advisory:sequelize:uiVJKilHZCKwHnikGlVmcdRT3iKv25tQuPePKtYxKgk3rZvzuagxCS8rH9m3AAntOz0+nSn2juKiVGWQlmRG4A== Completed in 34ms
93 timing metavuln:cache:get:security-advisory:sequelize:0x8QoXVSnuBUKQkmHpGL8H2TYxgcVoUBwMBqvmAO1zpIWLCE8RHBWScbje3M3Acd0EHDHFu58jP+AB7a2caDNg== Completed in 34ms
94 timing reifyNode:node_modules/formdata-node Completed in 940ms
95 timing reifyNode:node_modules/pg-protocol Completed in 957ms
96 timing reifyNode:node_modules/uuid Completed in 1015ms
97 http fetch GET 200 https://registry.npmjs.org/sequelize 132ms (cache revalidated)
98 timing metavuln:packument:sequelize Completed in 145ms
99 timing metavuln:load:security-advisory:sequelize:1091130 Completed in 23ms
100 timing metavuln:calculate:security-advisory:sequelize:1091130 Completed in 169ms
101 timing metavuln:load:security-advisory:sequelize:1091134 Completed in 17ms
102 timing metavuln:calculate:security-advisory:sequelize:1091134 Completed in 184ms
103 timing metavuln:load:security-advisory:sequelize:1091149 Completed in 23ms
104 timing metavuln:calculate:security-advisory:sequelize:1091149 Completed in 207ms
105 timing auditReport:init Completed in 217ms
106 timing reify:audit Completed in 1131ms
107 timing reifyNode:node_modules/@types/validator Completed in 1310ms
108 timing reifyNode:node_modules/vk-io Completed in 1379ms
109 timing reifyNode:node_modules/moment-timezone Completed in 1377ms
110 timing reifyNode:node_modules/validator Completed in 1519ms
111 timing reifyNode:node_modules/@types/node Completed in 1664ms
112 timing reifyNode:node_modules/fetch-blob/node_modules/web-streams-polyfill Completed in 1752ms
113 timing reifyNode:node_modules/underscore Completed in 1766ms
114 timing reifyNode:node_modules/sequelize Completed in 1808ms
115 timing reifyNode:node_modules/moment Completed in 1931ms
116 timing reifyNode:node_modules/lodash Completed in 1971ms
117 timing reify:unpack Completed in 1974ms
118 timing reify:unretire Completed in 0ms
119 timing build:queue Completed in 2ms
120 timing build:link:node_modules/semver Completed in 2ms
121 timing build:link:node_modules/uuid Completed in 2ms
122 timing build:link Completed in 2ms
123 timing build:deps Completed in 5ms
124 timing build Completed in 5ms
125 timing reify:build Completed in 6ms
126 timing reify:trash Completed in 0ms
127 timing reify:save Completed in 18ms
128 timing reify Completed in 2116ms
129 silly ADD node_modules/yallist
130 silly ADD node_modules/xtend
131 silly ADD node_modules/wkx
132 silly ADD node_modules/web-streams-polyfill
133 silly ADD node_modules/vk-io-question
134 silly ADD node_modules/vk-io
135 silly ADD node_modules/validator
136 silly ADD node_modules/uuid
137 silly ADD node_modules/underscore
138 silly ADD node_modules/toposort-class
139 silly ADD node_modules/split2
140 silly ADD node_modules/sequelize-pool
141 silly ADD node_modules/sequelize
142 silly ADD node_modules/semver
143 silly ADD node_modules/retry-as-promised
144 silly ADD node_modules/postgres-interval
145 silly ADD node_modules/postgres-date
146 silly ADD node_modules/postgres-bytea
147 silly ADD node_modules/postgres-array
148 silly ADD node_modules/pgpass
149 silly ADD node_modules/pg-types
150 silly ADD node_modules/pg-protocol
151 silly ADD node_modules/pg-pool
152 silly ADD node_modules/pg-int8
153 silly ADD node_modules/pg-hstore
154 silly ADD node_modules/pg-connection-string
155 silly ADD node_modules/pg
156 silly ADD node_modules/packet-reader
157 silly ADD node_modules/node-fetch
158 silly ADD node_modules/node-domexception
159 silly ADD node_modules/ms
160 silly ADD node_modules/moment-timezone
161 silly ADD node_modules/moment
162 silly ADD node_modules/middleware-io
163 silly ADD node_modules/lru-cache
164 silly ADD node_modules/lodash
165 silly ADD node_modules/inspectable
166 silly ADD node_modules/inflection
167 silly ADD node_modules/formdata-polyfill
168 silly ADD node_modules/formdata-node
169 silly ADD node_modules/form-data-encoder
170 silly ADD node_modules/fetch-blob
171 silly ADD node_modules/fetch-blob/node_modules/web-streams-polyfill
172 silly ADD node_modules/event-target-shim
173 silly ADD node_modules/dottie
174 silly ADD node_modules/dotenv
175 silly ADD node_modules/debug
176 silly ADD node_modules/data-uri-to-buffer
177 silly ADD node_modules/buffer-writer
178 silly ADD node_modules/abort-controller
179 silly ADD node_modules/@types/validator
180 silly ADD node_modules/@types/node
181 silly ADD node_modules/@types/ms
182 silly ADD node_modules/@types/debug
183 timing command:install Completed in 2154ms
184 verbose exit 0
185 timing npm Completed in 2193ms
186 info ok
